<?xml version="1.0" encoding="UTF-8"?>
<testsuite name="org.example.StreamBenchmarkTest" tests="2" skipped="0" failures="0" errors="0" timestamp="2024-09-03T04:43:34" hostname="KREVIN" time="1.816">
  <properties/>
  <testcase name="testParallelStream()" classname="org.example.StreamBenchmarkTest" time="1.12"/>
  <testcase name="testStream()" classname="org.example.StreamBenchmarkTest" time="0.693"/>
  <system-out><![CDATA[]]></system-out>
  <system-err><![CDATA[]]></system-err>
</testsuite>
